2024-09-10 16:37:30,564(HH:mm:ss.SSS) [main] INFO  testCases.TC001_AccountRegistrationTest - ****** Starting TC001_AccountRegistrationTest ******
2024-09-10 16:37:30,982(HH:mm:ss.SSS) [main] INFO  testCases.TC001_AccountRegistrationTest - Clicked on MyAccount Link
2024-09-10 16:37:31,503(HH:mm:ss.SSS) [main] INFO  testCases.TC001_AccountRegistrationTest - Clicked on Register Link
2024-09-10 16:37:31,504(HH:mm:ss.SSS) [main] INFO  testCases.TC001_AccountRegistrationTest - Providing customer details.....
2024-09-10 16:37:32,662(HH:mm:ss.SSS) [main] INFO  testCases.TC001_AccountRegistrationTest - Validating expected message....
2024-09-10 16:37:32,703(HH:mm:ss.SSS) [main] INFO  testCases.TC001_AccountRegistrationTest - ****** Finished TC001_AccountRegistrationTest ******
2024-09-10 16:43:29,152(HH:mm:ss.SSS) [main] INFO  testCases.TC001_AccountRegistrationTest - ****** Starting TC001_AccountRegistrationTest ******
2024-09-10 16:43:33,507(HH:mm:ss.SSS) [main] INFO  testCases.TC001_AccountRegistrationTest - Clicked on MyAccount Link
2024-09-10 16:43:34,740(HH:mm:ss.SSS) [main] INFO  testCases.TC001_AccountRegistrationTest - Clicked on Register Link
2024-09-10 16:43:34,742(HH:mm:ss.SSS) [main] INFO  testCases.TC001_AccountRegistrationTest - Providing customer details.....
2024-09-10 16:43:36,213(HH:mm:ss.SSS) [main] INFO  testCases.TC001_AccountRegistrationTest - Validating expected message....
2024-09-10 16:43:36,276(HH:mm:ss.SSS) [main] INFO  testCases.TC001_AccountRegistrationTest - ****** Finished TC001_AccountRegistrationTest ******
2024-09-10 21:48:07,272(HH:MM:ss.SSS) [main] INFO  testCases.TC001_AccountRegistrationTest - ****** Starting TC001_AccountRegistrationTest ******
2024-09-10 21:48:07,554(HH:MM:ss.SSS) [main] INFO  testCases.TC001_AccountRegistrationTest - Clicked on MyAccount Link
2024-09-10 21:48:08,263(HH:MM:ss.SSS) [main] INFO  testCases.TC001_AccountRegistrationTest - Clicked on Register Link
2024-09-10 21:48:08,266(HH:MM:ss.SSS) [main] INFO  testCases.TC001_AccountRegistrationTest - Providing customer details.....
2024-09-10 21:48:10,643(HH:MM:ss.SSS) [main] INFO  testCases.TC001_AccountRegistrationTest - Validating expected message....
2024-09-10 21:48:10,697(HH:MM:ss.SSS) [main] ERROR testCases.TC001_AccountRegistrationTest - Test falied...
2024-09-10 21:54:15,328(HH:MM:ss.SSS) [TestNG-tests-1] INFO  testCases.TC001_AccountRegistrationTest - ****** Starting TC001_AccountRegistrationTest ******
2024-09-10 21:54:15,868(HH:MM:ss.SSS) [TestNG-tests-1] INFO  testCases.TC001_AccountRegistrationTest - Clicked on MyAccount Link
2024-09-10 21:54:16,742(HH:MM:ss.SSS) [TestNG-tests-1] INFO  testCases.TC001_AccountRegistrationTest - Clicked on Register Link
2024-09-10 21:54:16,748(HH:MM:ss.SSS) [TestNG-tests-1] INFO  testCases.TC001_AccountRegistrationTest - Providing customer details.....
2024-09-10 21:54:18,563(HH:MM:ss.SSS) [TestNG-tests-1] INFO  testCases.TC001_AccountRegistrationTest - Validating expected message....
2024-09-10 21:54:18,611(HH:MM:ss.SSS) [TestNG-tests-1] ERROR testCases.TC001_AccountRegistrationTest - Test falied...
2024-09-10 21:54:29,210(HH:MM:ss.SSS) [TestNG-tests-2] INFO  testCases.TC001_AccountRegistrationTest - ****** Starting TC001_AccountRegistrationTest ******
2024-09-10 21:54:29,443(HH:MM:ss.SSS) [TestNG-tests-2] INFO  testCases.TC001_AccountRegistrationTest - Clicked on MyAccount Link
2024-09-10 21:54:30,683(HH:MM:ss.SSS) [TestNG-tests-2] INFO  testCases.TC001_AccountRegistrationTest - Clicked on Register Link
2024-09-10 21:54:30,686(HH:MM:ss.SSS) [TestNG-tests-2] INFO  testCases.TC001_AccountRegistrationTest - Providing customer details.....
2024-09-10 21:54:32,749(HH:MM:ss.SSS) [TestNG-tests-2] INFO  testCases.TC001_AccountRegistrationTest - Validating expected message....
2024-09-10 21:54:32,799(HH:MM:ss.SSS) [TestNG-tests-2] ERROR testCases.TC001_AccountRegistrationTest - Test falied...
2024-09-10 21:55:01,159(HH:MM:ss.SSS) [TestNG-tests-3] INFO  testCases.TC001_AccountRegistrationTest - ****** Starting TC001_AccountRegistrationTest ******
2024-09-10 21:55:01,489(HH:MM:ss.SSS) [TestNG-tests-3] INFO  testCases.TC001_AccountRegistrationTest - Clicked on MyAccount Link
2024-09-10 21:55:03,213(HH:MM:ss.SSS) [TestNG-tests-3] INFO  testCases.TC001_AccountRegistrationTest - Clicked on Register Link
2024-09-10 21:55:03,215(HH:MM:ss.SSS) [TestNG-tests-3] INFO  testCases.TC001_AccountRegistrationTest - Providing customer details.....
2024-09-10 21:55:05,050(HH:MM:ss.SSS) [TestNG-tests-3] INFO  testCases.TC001_AccountRegistrationTest - Validating expected message....
2024-09-10 21:55:05,069(HH:MM:ss.SSS) [TestNG-tests-3] ERROR testCases.TC001_AccountRegistrationTest - Test falied...
2024-09-11 17:43:17,293(HH:MM:ss.SSS) [main] INFO  testCases.TC002_LoginTest - ****** Starting TC002_LoginTest ******
2024-09-11 17:43:24,324(HH:MM:ss.SSS) [main] INFO  testCases.TC002_LoginTest - ****** Finished TC002_LoginTest ******
2024-09-11 22:35:37,639(HH:MM:ss.SSS) [main] INFO  org.testng.internal.Utils - [TestNG] Running:
  C:\Users\lokes\eclipse-workspace\OpenCart_Framework\master.xml

2024-09-11 22:35:45,480(HH:MM:ss.SSS) [main] INFO  testCases.TC003_LoginDDT - ****** starting TC003_LoginDDT ******
2024-09-11 22:36:01,069(HH:MM:ss.SSS) [main] INFO  testCases.TC003_LoginDDT - ****** starting TC003_LoginDDT ******
2024-09-11 22:36:12,701(HH:MM:ss.SSS) [main] INFO  testCases.TC003_LoginDDT - ****** finished TC003_LoginDDT ******
2024-09-11 22:36:12,706(HH:MM:ss.SSS) [main] INFO  testCases.TC003_LoginDDT - ****** starting TC003_LoginDDT ******
2024-09-11 22:36:24,504(HH:MM:ss.SSS) [main] INFO  testCases.TC003_LoginDDT - ****** finished TC003_LoginDDT ******
2024-09-11 22:36:24,510(HH:MM:ss.SSS) [main] INFO  testCases.TC003_LoginDDT - ****** starting TC003_LoginDDT ******
2024-09-11 22:36:36,388(HH:MM:ss.SSS) [main] INFO  testCases.TC003_LoginDDT - ****** finished TC003_LoginDDT ******
2024-09-11 22:36:36,395(HH:MM:ss.SSS) [main] INFO  testCases.TC003_LoginDDT - ****** starting TC003_LoginDDT ******
2024-09-13 19:29:32,914(HH:MM:ss.SSS) [main] INFO  org.testng.internal.Utils - [TestNG] Running:
  C:\Users\lokes\eclipse-workspace\OpenCart_Framework\grouping.xml

2024-09-13 19:30:41,762(HH:MM:ss.SSS) [main] INFO  org.testng.internal.Utils - [TestNG] Running:
  C:\Users\lokes\eclipse-workspace\OpenCart_Framework\grouping.xml

2024-09-13 19:31:42,881(HH:MM:ss.SSS) [main] INFO  org.testng.internal.Utils - [TestNG] Running:
  C:\Users\lokes\eclipse-workspace\OpenCart_Framework\grouping.xml

2024-09-13 20:07:18,533(HH:MM:ss.SSS) [main] INFO  org.testng.internal.Utils - [TestNG] Running:
  C:\Users\lokes\eclipse-workspace\OpenCart_Framework\grouping.xml

2024-09-14 09:25:53,291(HH:MM:ss.SSS) [main] INFO  org.testng.internal.Utils - [TestNG] Running:
  C:\Users\lokes\eclipse-workspace\OpenCart_Framework\grouping.xml

2024-09-14 09:26:00,746(HH:MM:ss.SSS) [main] INFO  testCases.TC001_AccountRegistrationTest - ****** Starting TC001_AccountRegistrationTest ******
2024-09-14 09:26:04,427(HH:MM:ss.SSS) [main] INFO  testCases.TC001_AccountRegistrationTest - Clicked on MyAccount Link
2024-09-14 09:26:05,931(HH:MM:ss.SSS) [main] INFO  testCases.TC001_AccountRegistrationTest - Clicked on Register Link
2024-09-14 09:26:05,952(HH:MM:ss.SSS) [main] INFO  testCases.TC001_AccountRegistrationTest - Providing customer details.....
2024-09-14 09:26:07,785(HH:MM:ss.SSS) [main] INFO  testCases.TC001_AccountRegistrationTest - Validating expected message....
2024-09-14 09:26:07,845(HH:MM:ss.SSS) [main] ERROR testCases.TC001_AccountRegistrationTest - Test falied...
2024-09-14 09:26:12,586(HH:MM:ss.SSS) [main] INFO  testCases.TC002_LoginTest - ****** Starting TC002_LoginTest ******
2024-09-14 09:26:19,097(HH:MM:ss.SSS) [main] INFO  testCases.TC002_LoginTest - ****** Finished TC002_LoginTest ******
2024-09-14 09:32:23,821(HH:MM:ss.SSS) [main] INFO  org.testng.internal.Utils - [TestNG] Running:
  C:\Users\lokes\eclipse-workspace\OpenCart_Framework\grouping.xml

2024-09-14 09:32:27,864(HH:MM:ss.SSS) [main] INFO  testCases.TC001_AccountRegistrationTest - ****** Starting TC001_AccountRegistrationTest ******
2024-09-14 09:32:28,472(HH:MM:ss.SSS) [main] INFO  testCases.TC001_AccountRegistrationTest - Clicked on MyAccount Link
2024-09-14 09:32:29,277(HH:MM:ss.SSS) [main] INFO  testCases.TC001_AccountRegistrationTest - Clicked on Register Link
2024-09-14 09:32:29,279(HH:MM:ss.SSS) [main] INFO  testCases.TC001_AccountRegistrationTest - Providing customer details.....
2024-09-14 09:32:31,194(HH:MM:ss.SSS) [main] INFO  testCases.TC001_AccountRegistrationTest - Validating expected message....
2024-09-14 09:32:31,248(HH:MM:ss.SSS) [main] INFO  testCases.TC001_AccountRegistrationTest - ****** Finished TC001_AccountRegistrationTest ******
2024-09-14 09:32:35,954(HH:MM:ss.SSS) [main] INFO  testCases.TC002_LoginTest - ****** Starting TC002_LoginTest ******
2024-09-14 09:32:37,655(HH:MM:ss.SSS) [main] INFO  testCases.TC002_LoginTest - ****** Finished TC002_LoginTest ******
2024-09-14 15:21:13,350(HH:MM:ss.SSS) [main] INFO  org.testng.internal.Utils - [TestNG] Running:
  C:\Users\lokes\eclipse-workspace\OpenCart_Framework\grouping.xml

2024-09-14 15:21:20,516(HH:MM:ss.SSS) [main] INFO  testCases.TC002_LoginTest - ****** Starting TC002_LoginTest ******
2024-09-14 15:21:31,203(HH:MM:ss.SSS) [main] INFO  testCases.TC002_LoginTest - ****** Finished TC002_LoginTest ******
2024-09-14 19:24:03,822(HH:MM:ss.SSS) [main] INFO  org.testng.internal.Utils - [TestNG] Running:
  C:\Users\lokes\eclipse-workspace\OpenCart_Framework\grouping.xml

2024-09-14 19:24:31,182(HH:MM:ss.SSS) [main] INFO  testCases.TC001_AccountRegistrationTest - ****** Starting TC001_AccountRegistrationTest ******
2024-09-14 19:24:31,416(HH:MM:ss.SSS) [main] INFO  testCases.TC001_AccountRegistrationTest - Clicked on MyAccount Link
2024-09-14 19:24:33,133(HH:MM:ss.SSS) [main] INFO  testCases.TC001_AccountRegistrationTest - Clicked on Register Link
2024-09-14 19:24:33,135(HH:MM:ss.SSS) [main] INFO  testCases.TC001_AccountRegistrationTest - Providing customer details.....
2024-09-14 19:24:35,248(HH:MM:ss.SSS) [main] INFO  testCases.TC001_AccountRegistrationTest - Validating expected message....
2024-09-14 19:24:35,307(HH:MM:ss.SSS) [main] INFO  testCases.TC001_AccountRegistrationTest - ****** Finished TC001_AccountRegistrationTest ******
2024-09-14 19:24:40,009(HH:MM:ss.SSS) [main] INFO  testCases.TC002_LoginTest - ****** Starting TC002_LoginTest ******
2024-09-14 19:24:41,787(HH:MM:ss.SSS) [main] INFO  testCases.TC002_LoginTest - ****** Finished TC002_LoginTest ******
2024-09-14 19:31:27,297(HH:MM:ss.SSS) [main] INFO  org.testng.internal.Utils - [TestNG] Running:
  C:\Users\lokes\eclipse-workspace\OpenCart_Framework\grouping.xml

2024-09-14 19:31:32,144(HH:MM:ss.SSS) [main] INFO  testCases.TC001_AccountRegistrationTest - ****** Starting TC001_AccountRegistrationTest ******
2024-09-14 19:31:40,817(HH:MM:ss.SSS) [main] INFO  testCases.TC001_AccountRegistrationTest - Clicked on MyAccount Link
2024-09-14 19:31:42,339(HH:MM:ss.SSS) [main] INFO  testCases.TC001_AccountRegistrationTest - Clicked on Register Link
2024-09-14 19:31:42,342(HH:MM:ss.SSS) [main] INFO  testCases.TC001_AccountRegistrationTest - Providing customer details.....
2024-09-14 19:31:44,512(HH:MM:ss.SSS) [main] INFO  testCases.TC001_AccountRegistrationTest - Validating expected message....
2024-09-14 19:31:44,573(HH:MM:ss.SSS) [main] INFO  testCases.TC001_AccountRegistrationTest - ****** Finished TC001_AccountRegistrationTest ******
2024-09-14 19:31:48,904(HH:MM:ss.SSS) [main] INFO  testCases.TC002_LoginTest - ****** Starting TC002_LoginTest ******
2024-09-14 19:31:51,557(HH:MM:ss.SSS) [main] INFO  testCases.TC002_LoginTest - ****** Finished TC002_LoginTest ******
2024-09-14 19:37:03,999(HH:MM:ss.SSS) [main] INFO  org.testng.internal.Utils - [TestNG] Running:
  C:\Users\lokes\eclipse-workspace\OpenCart_Framework\grouping.xml

2024-09-14 19:37:09,176(HH:MM:ss.SSS) [main] INFO  testCases.TC001_AccountRegistrationTest - ****** Starting TC001_AccountRegistrationTest ******
2024-09-14 19:37:09,303(HH:MM:ss.SSS) [main] INFO  testCases.TC001_AccountRegistrationTest - Clicked on MyAccount Link
2024-09-14 19:37:09,948(HH:MM:ss.SSS) [main] INFO  testCases.TC001_AccountRegistrationTest - Clicked on Register Link
2024-09-14 19:37:09,951(HH:MM:ss.SSS) [main] INFO  testCases.TC001_AccountRegistrationTest - Providing customer details.....
2024-09-14 19:37:11,725(HH:MM:ss.SSS) [main] INFO  testCases.TC001_AccountRegistrationTest - Validating expected message....
2024-09-14 19:37:11,781(HH:MM:ss.SSS) [main] INFO  testCases.TC001_AccountRegistrationTest - ****** Finished TC001_AccountRegistrationTest ******
2024-09-14 19:37:16,285(HH:MM:ss.SSS) [main] INFO  testCases.TC002_LoginTest - ****** Starting TC002_LoginTest ******
2024-09-16 17:21:46,626(HH:MM:ss.SSS) [main] INFO  org.testng.internal.Utils - [TestNG] Running:
  C:\Users\lokes\eclipse-workspace\OpenCart_Framework\master.xml

2024-09-16 17:21:58,723(HH:MM:ss.SSS) [main] INFO  testCases.TC002_LoginTest - ****** Starting TC002_LoginTest ******
2024-09-16 17:22:00,695(HH:MM:ss.SSS) [main] INFO  testCases.TC002_LoginTest - ****** Finished TC002_LoginTest ******
2024-09-16 17:23:51,132(HH:MM:ss.SSS) [main] INFO  org.testng.internal.Utils - [TestNG] Running:
  C:\Users\lokes\eclipse-workspace\OpenCart_Framework\master.xml

2024-09-16 17:23:56,159(HH:MM:ss.SSS) [main] INFO  testCases.TC001_AccountRegistrationTest - ****** Starting TC001_AccountRegistrationTest ******
2024-09-16 17:23:56,334(HH:MM:ss.SSS) [main] INFO  testCases.TC001_AccountRegistrationTest - Clicked on MyAccount Link
2024-09-16 17:23:56,987(HH:MM:ss.SSS) [main] INFO  testCases.TC001_AccountRegistrationTest - Clicked on Register Link
2024-09-16 17:23:57,053(HH:MM:ss.SSS) [main] INFO  testCases.TC001_AccountRegistrationTest - Providing customer details.....
2024-09-16 17:23:59,983(HH:MM:ss.SSS) [main] INFO  testCases.TC001_AccountRegistrationTest - Validating expected message....
2024-09-16 17:24:00,073(HH:MM:ss.SSS) [main] INFO  testCases.TC001_AccountRegistrationTest - ****** Finished TC001_AccountRegistrationTest ******
2024-09-16 17:24:04,768(HH:MM:ss.SSS) [main] INFO  testCases.TC002_LoginTest - ****** Starting TC002_LoginTest ******
2024-09-16 17:24:07,268(HH:MM:ss.SSS) [main] INFO  testCases.TC002_LoginTest - ****** Finished TC002_LoginTest ******
2024-09-16 18:02:29,712(HH:MM:ss.SSS) [main] INFO  org.testng.internal.Utils - [TestNG] Running:
  C:\Users\lokes\eclipse-workspace\OpenCart_Framework\grid-docker.xml

2024-09-16 18:02:29,960(HH:MM:ss.SSS) [TestNG-tests-2] INFO  testCases.TC001_AccountRegistrationTest - ****** Starting TC001_AccountRegistrationTest ******
2024-09-16 18:02:30,139(HH:MM:ss.SSS) [TestNG-tests-2] INFO  testCases.TC002_LoginTest - ****** Starting TC002_LoginTest ******
2024-09-16 18:06:46,129(HH:MM:ss.SSS) [main] INFO  org.testng.internal.Utils - [TestNG] Running:
  C:\Users\lokes\eclipse-workspace\OpenCart_Framework\grid-docker.xml

2024-09-16 18:06:46,558(HH:MM:ss.SSS) [TestNG-tests-2] INFO  testCases.TC001_AccountRegistrationTest - ****** Starting TC001_AccountRegistrationTest ******
2024-09-16 18:06:46,692(HH:MM:ss.SSS) [TestNG-tests-2] INFO  testCases.TC002_LoginTest - ****** Starting TC002_LoginTest ******
2024-09-16 18:33:49,228(HH:MM:ss.SSS) [main] INFO  org.testng.internal.Utils - [TestNG] Running:
  C:\Users\lokes\eclipse-workspace\OpenCart_Framework\grid-docker.xml

2024-09-16 18:33:49,629(HH:MM:ss.SSS) [TestNG-tests-2] INFO  testCases.TC001_AccountRegistrationTest - ****** Starting TC001_AccountRegistrationTest ******
2024-09-16 18:33:49,723(HH:MM:ss.SSS) [TestNG-tests-2] INFO  testCases.TC002_LoginTest - ****** Starting TC002_LoginTest ******
2024-09-16 18:33:57,550(HH:MM:ss.SSS) [TestNG-tests-1] INFO  testCases.TC001_AccountRegistrationTest - ****** Starting TC001_AccountRegistrationTest ******
2024-09-16 18:33:57,731(HH:MM:ss.SSS) [TestNG-tests-1] INFO  testCases.TC001_AccountRegistrationTest - Clicked on MyAccount Link
2024-09-16 18:33:58,709(HH:MM:ss.SSS) [TestNG-tests-1] INFO  testCases.TC001_AccountRegistrationTest - Clicked on Register Link
2024-09-16 18:33:58,715(HH:MM:ss.SSS) [TestNG-tests-1] INFO  testCases.TC001_AccountRegistrationTest - Providing customer details.....
2024-09-16 18:34:00,385(HH:MM:ss.SSS) [TestNG-tests-1] INFO  testCases.TC001_AccountRegistrationTest - Validating expected message....
2024-09-16 18:34:00,446(HH:MM:ss.SSS) [TestNG-tests-1] INFO  testCases.TC001_AccountRegistrationTest - ****** Finished TC001_AccountRegistrationTest ******
2024-09-16 18:34:06,337(HH:MM:ss.SSS) [TestNG-tests-1] INFO  testCases.TC002_LoginTest - ****** Starting TC002_LoginTest ******
2024-09-16 18:34:08,229(HH:MM:ss.SSS) [TestNG-tests-1] INFO  testCases.TC002_LoginTest - ****** Finished TC002_LoginTest ******
2024-09-16 18:40:13,376(HH:MM:ss.SSS) [main] INFO  org.testng.internal.Utils - [TestNG] Running:
  C:\Users\lokes\eclipse-workspace\OpenCart_Framework\grid-docker.xml

2024-09-16 18:41:53,861(HH:MM:ss.SSS) [main] INFO  org.testng.internal.Utils - [TestNG] Running:
  C:\Users\lokes\eclipse-workspace\OpenCart_Framework\grid-docker.xml

2024-09-16 18:42:54,498(HH:MM:ss.SSS) [main] INFO  org.testng.internal.Utils - [TestNG] Running:
  C:\Users\lokes\eclipse-workspace\OpenCart_Framework\grid-docker.xml

2024-09-16 18:42:59,407(HH:MM:ss.SSS) [TestNG-tests-1] INFO  testCases.TC001_AccountRegistrationTest - ****** Starting TC001_AccountRegistrationTest ******
2024-09-16 18:42:59,563(HH:MM:ss.SSS) [TestNG-tests-1] INFO  testCases.TC001_AccountRegistrationTest - Clicked on MyAccount Link
2024-09-16 18:43:00,546(HH:MM:ss.SSS) [TestNG-tests-1] INFO  testCases.TC001_AccountRegistrationTest - Clicked on Register Link
2024-09-16 18:43:00,549(HH:MM:ss.SSS) [TestNG-tests-1] INFO  testCases.TC001_AccountRegistrationTest - Providing customer details.....
2024-09-16 18:43:02,897(HH:MM:ss.SSS) [TestNG-tests-1] INFO  testCases.TC001_AccountRegistrationTest - Validating expected message....
2024-09-16 18:43:02,964(HH:MM:ss.SSS) [TestNG-tests-1] INFO  testCases.TC001_AccountRegistrationTest - ****** Finished TC001_AccountRegistrationTest ******
2024-09-16 18:43:07,018(HH:MM:ss.SSS) [TestNG-tests-1] INFO  testCases.TC002_LoginTest - ****** Starting TC002_LoginTest ******
2024-09-16 18:43:09,077(HH:MM:ss.SSS) [TestNG-tests-1] INFO  testCases.TC002_LoginTest - ****** Finished TC002_LoginTest ******
2024-09-16 23:14:00,887(HH:MM:ss.SSS) [main] INFO  org.testng.internal.Utils - [TestNG] Running:
  C:\Users\lokes\eclipse-workspace\OpenCart_Framework\grid-docker.xml

2024-09-16 23:15:53,080(HH:MM:ss.SSS) [main] INFO  org.testng.internal.Utils - [TestNG] Running:
  C:\Users\lokes\eclipse-workspace\OpenCart_Framework\grid-docker.xml

2024-09-16 23:15:53,339(HH:MM:ss.SSS) [TestNG-tests-2] INFO  testCases.TC001_AccountRegistrationTest - ****** Starting TC001_AccountRegistrationTest ******
2024-09-16 23:15:53,434(HH:MM:ss.SSS) [TestNG-tests-2] INFO  testCases.TC002_LoginTest - ****** Starting TC002_LoginTest ******
2024-09-17 14:20:07,334(HH:MM:ss.SSS) [main] INFO  org.testng.internal.Utils - [TestNG] Running:
  C:\Users\lokes\eclipse-workspace\OpenCart_Framework\master.xml

2024-09-17 14:20:14,731(HH:MM:ss.SSS) [main] INFO  testCases.TC001_AccountRegistrationTest - ****** Starting TC001_AccountRegistrationTest ******
2024-09-17 14:20:20,141(HH:MM:ss.SSS) [main] INFO  testCases.TC001_AccountRegistrationTest - Clicked on MyAccount Link
2024-09-17 14:20:21,587(HH:MM:ss.SSS) [main] INFO  testCases.TC001_AccountRegistrationTest - Clicked on Register Link
2024-09-17 14:20:21,610(HH:MM:ss.SSS) [main] INFO  testCases.TC001_AccountRegistrationTest - Providing customer details.....
2024-09-17 14:20:23,587(HH:MM:ss.SSS) [main] INFO  testCases.TC001_AccountRegistrationTest - Validating expected message....
2024-09-17 14:20:23,671(HH:MM:ss.SSS) [main] INFO  testCases.TC001_AccountRegistrationTest - ****** Finished TC001_AccountRegistrationTest ******
2024-09-17 14:20:28,039(HH:MM:ss.SSS) [main] INFO  testCases.TC002_LoginTest - ****** Starting TC002_LoginTest ******
2024-09-17 14:20:30,739(HH:MM:ss.SSS) [main] INFO  testCases.TC002_LoginTest - ****** Finished TC002_LoginTest ******
2024-09-17 14:22:26,423(HH:MM:ss.SSS) [main] INFO  org.testng.internal.Utils - [TestNG] Running:
  C:\Users\lokes\eclipse-workspace\OpenCart_Framework\master.xml

2024-09-17 14:22:33,566(HH:MM:ss.SSS) [main] INFO  testCases.TC001_AccountRegistrationTest - ****** Starting TC001_AccountRegistrationTest ******
2024-09-17 14:22:33,741(HH:MM:ss.SSS) [main] INFO  testCases.TC001_AccountRegistrationTest - Clicked on MyAccount Link
2024-09-17 14:22:34,369(HH:MM:ss.SSS) [main] INFO  testCases.TC001_AccountRegistrationTest - Clicked on Register Link
2024-09-17 14:22:34,371(HH:MM:ss.SSS) [main] INFO  testCases.TC001_AccountRegistrationTest - Providing customer details.....
2024-09-17 14:22:36,803(HH:MM:ss.SSS) [main] INFO  testCases.TC001_AccountRegistrationTest - Validating expected message....
2024-09-17 14:22:36,867(HH:MM:ss.SSS) [main] INFO  testCases.TC001_AccountRegistrationTest - ****** Finished TC001_AccountRegistrationTest ******
2024-09-17 14:22:40,602(HH:MM:ss.SSS) [main] INFO  testCases.TC002_LoginTest - ****** Starting TC002_LoginTest ******
2024-09-17 14:22:42,855(HH:MM:ss.SSS) [main] INFO  testCases.TC002_LoginTest - ****** Finished TC002_LoginTest ******
2024-09-17 19:25:39,137(HH:MM:ss.SSS) [main] INFO  org.testng.internal.Utils - [TestNG] Running:
  C:\Users\lokes\eclipse-workspace\OpenCart_Framework\grid-docker.xml

2024-09-17 19:25:39,415(HH:MM:ss.SSS) [TestNG-tests-2] INFO  testCases.TC001_AccountRegistrationTest - ****** Starting TC001_AccountRegistrationTest ******
2024-09-17 19:25:39,494(HH:MM:ss.SSS) [TestNG-tests-2] INFO  testCases.TC002_LoginTest - ****** Starting TC002_LoginTest ******
2024-09-18 21:11:03,967(HH:MM:ss.SSS) [main] INFO  testCases.TC001_AccountRegistrationTest - ****** Starting TC001_AccountRegistrationTest ******
2024-09-18 21:11:05,117(HH:MM:ss.SSS) [main] INFO  testCases.TC001_AccountRegistrationTest - Clicked on MyAccount Link
2024-09-18 21:11:05,810(HH:MM:ss.SSS) [main] INFO  testCases.TC001_AccountRegistrationTest - Clicked on Register Link
2024-09-18 21:11:05,823(HH:MM:ss.SSS) [main] INFO  testCases.TC001_AccountRegistrationTest - Providing customer details.....
2024-09-18 21:11:06,344(HH:MM:ss.SSS) [main] INFO  testCases.TC001_AccountRegistrationTest - Validating expected message....
2024-09-18 21:11:07,851(HH:MM:ss.SSS) [main] INFO  testCases.TC001_AccountRegistrationTest - ****** Finished TC001_AccountRegistrationTest ******
2024-09-18 21:11:11,387(HH:MM:ss.SSS) [main] INFO  testCases.TC002_LoginTest - ****** Starting TC002_LoginTest ******
2024-09-18 21:11:13,344(HH:MM:ss.SSS) [main] INFO  testCases.TC002_LoginTest - ****** Finished TC002_LoginTest ******
2024-09-18 21:14:10,587(HH:MM:ss.SSS) [main] INFO  testCases.TC001_AccountRegistrationTest - ****** Starting TC001_AccountRegistrationTest ******
2024-09-18 21:14:10,974(HH:MM:ss.SSS) [main] INFO  testCases.TC001_AccountRegistrationTest - Clicked on MyAccount Link
2024-09-18 21:14:11,489(HH:MM:ss.SSS) [main] INFO  testCases.TC001_AccountRegistrationTest - Clicked on Register Link
2024-09-18 21:14:11,491(HH:MM:ss.SSS) [main] INFO  testCases.TC001_AccountRegistrationTest - Providing customer details.....
2024-09-18 21:14:11,889(HH:MM:ss.SSS) [main] INFO  testCases.TC001_AccountRegistrationTest - Validating expected message....
2024-09-18 21:14:12,646(HH:MM:ss.SSS) [main] ERROR testCases.TC001_AccountRegistrationTest - Test falied...
2024-09-18 21:14:16,088(HH:MM:ss.SSS) [main] INFO  testCases.TC002_LoginTest - ****** Starting TC002_LoginTest ******
2024-09-18 21:14:17,874(HH:MM:ss.SSS) [main] INFO  testCases.TC002_LoginTest - ****** Finished TC002_LoginTest ******
2024-09-18 21:45:53,736(HH:MM:ss.SSS) [main] INFO  testCases.TC001_AccountRegistrationTest - ****** Starting TC001_AccountRegistrationTest ******
2024-09-18 21:45:53,814(HH:MM:ss.SSS) [main] INFO  testCases.TC001_AccountRegistrationTest - Clicked on MyAccount Link
2024-09-18 21:45:54,453(HH:MM:ss.SSS) [main] INFO  testCases.TC001_AccountRegistrationTest - Clicked on Register Link
2024-09-18 21:45:54,455(HH:MM:ss.SSS) [main] INFO  testCases.TC001_AccountRegistrationTest - Providing customer details.....
2024-09-18 21:45:54,927(HH:MM:ss.SSS) [main] INFO  testCases.TC001_AccountRegistrationTest - Validating expected message....
2024-09-18 21:45:55,734(HH:MM:ss.SSS) [main] INFO  testCases.TC001_AccountRegistrationTest - ****** Finished TC001_AccountRegistrationTest ******
2024-09-18 21:45:58,980(HH:MM:ss.SSS) [main] INFO  testCases.TC002_LoginTest - ****** Starting TC002_LoginTest ******
2024-09-18 21:46:01,157(HH:MM:ss.SSS) [main] INFO  testCases.TC002_LoginTest - ****** Finished TC002_LoginTest ******
2024-09-18 22:06:50,799(HH:MM:ss.SSS) [main] INFO  testCases.TC001_AccountRegistrationTest - ****** Starting TC001_AccountRegistrationTest ******
2024-09-18 22:06:51,802(HH:MM:ss.SSS) [main] INFO  testCases.TC001_AccountRegistrationTest - Clicked on MyAccount Link
2024-09-18 22:06:52,654(HH:MM:ss.SSS) [main] INFO  testCases.TC001_AccountRegistrationTest - Clicked on Register Link
2024-09-18 22:06:52,660(HH:MM:ss.SSS) [main] INFO  testCases.TC001_AccountRegistrationTest - Providing customer details.....
2024-09-18 22:06:53,601(HH:MM:ss.SSS) [main] INFO  testCases.TC001_AccountRegistrationTest - Validating expected message....
2024-09-18 22:06:54,488(HH:MM:ss.SSS) [main] INFO  testCases.TC001_AccountRegistrationTest - ****** Finished TC001_AccountRegistrationTest ******
2024-09-19 01:43:38,879(HH:MM:ss.SSS) [main] INFO  testCases.TC001_AccountRegistrationTest - ****** Starting TC001_AccountRegistrationTest ******
2024-09-19 01:43:40,219(HH:MM:ss.SSS) [main] INFO  testCases.TC001_AccountRegistrationTest - Clicked on MyAccount Link
2024-09-19 01:43:41,342(HH:MM:ss.SSS) [main] INFO  testCases.TC001_AccountRegistrationTest - Clicked on Register Link
2024-09-19 01:43:41,346(HH:MM:ss.SSS) [main] INFO  testCases.TC001_AccountRegistrationTest - Providing customer details.....
2024-09-19 01:43:42,549(HH:MM:ss.SSS) [main] INFO  testCases.TC001_AccountRegistrationTest - Validating expected message....
2024-09-19 01:43:43,353(HH:MM:ss.SSS) [main] INFO  testCases.TC001_AccountRegistrationTest - ****** Finished TC001_AccountRegistrationTest ******
2024-09-19 01:43:46,825(HH:MM:ss.SSS) [main] INFO  testCases.TC002_LoginTest - ****** Starting TC002_LoginTest ******
2024-09-19 01:43:49,987(HH:MM:ss.SSS) [main] INFO  testCases.TC002_LoginTest - ****** Finished TC002_LoginTest ******
